<?xml version="1.0" encoding="UTF-8"?>
<coverage generated="1609326102454" clover="3.2.0">
  <project timestamp="1609326102454" name="All files">
    <metrics statements="6" coveredstatements="6" conditionals="1" coveredconditionals="1" methods="3" coveredmethods="3" elements="10" coveredelements="10" complexity="0" loc="6" ncloc="6" packages="1" files="1" classes="1"/>
    <file name="App.js" path="C:\Users\Joe\Desktop\webpack_react\src\Components\App.js">
      <metrics statements="6" coveredstatements="6" conditionals="1" coveredconditionals="1" methods="3" coveredmethods="3"/>
      <line num="6" count="1" type="stmt"/>
      <line num="81" count="1" type="stmt"/>
      <line num="82" count="9" type="stmt"/>
      <line num="85" count="1" type="cond" truecount="1" falsecount="0"/>
      <line num="86" count="1" type="stmt"/>
      <line num="89" count="9" type="stmt"/>
    </file>
  </project>
</coverage>
