{"C:\\Users\\Joe\\Desktop\\webpack_react\\src\\Components\\App.js": {"path":"C:\\Users\\Joe\\Desktop\\webpack_react\\src\\Components\\App.js","statementMap":{"0":{"start":{"line":6,"column":14},"end":{"line":79,"column":1}},"1":{"start":{"line":81,"column":0},"end":{"line":83,"column":3}},"2":{"start":{"line":82,"column":2},"end":{"line":82,"column":62}},"3":{"start":{"line":85,"column":12},"end":{"line":92,"column":1}},"4":{"start":{"line":86,"column":2},"end":{"line":91,"column":8}},"5":{"start":{"line":89,"column":6},"end":{"line":89,"column":40}}},"fnMap":{"0":{"name":"(anonymous_0)","decl":{"start":{"line":81,"column":14},"end":{"line":81,"column":15}},"loc":{"start":{"line":81,"column":23},"end":{"line":83,"column":1}},"line":81},"1":{"name":"(anonymous_1)","decl":{"start":{"line":85,"column":12},"end":{"line":85,"column":13}},"loc":{"start":{"line":86,"column":2},"end":{"line":91,"column":8}},"line":86},"2":{"name":"(anonymous_2)","decl":{"start":{"line":88,"column":16},"end":{"line":88,"column":17}},"loc":{"start":{"line":89,"column":6},"end":{"line":89,"column":40}},"line":89}},"branchMap":{"0":{"loc":{"start":{"line":85,"column":15},"end":{"line":85,"column":49}},"type":"default-arg","locations":[{"start":{"line":85,"column":23},"end":{"line":85,"column":49}}],"line":85}},"s":{"0":1,"1":1,"2":9,"3":1,"4":1,"5":9},"f":{"0":9,"1":1,"2":9},"b":{"0":[1]},"_coverageSchema":"1a1c01bbd47fc00a2c39e90264f33305004495a9","hash":"386e2667eed374baf2b8bdf25e92d5e41207d74b"}
}
