{"C:\\Users\\Joe\\Desktop\\webpack_react\\src\\Components\\App.js": {"path":"C:\\Users\\Joe\\Desktop\\webpack_react\\src\\Components\\App.js","statementMap":{"0":{"start":{"line":9,"column":14},"end":{"line":82,"column":1}},"1":{"start":{"line":84,"column":0},"end":{"line":86,"column":3}},"2":{"start":{"line":85,"column":1},"end":{"line":85,"column":61}},"3":{"start":{"line":88,"column":12},"end":{"line":95,"column":1}},"4":{"start":{"line":89,"column":1},"end":{"line":94,"column":7}},"5":{"start":{"line":92,"column":3},"end":{"line":92,"column":37}}},"fnMap":{"0":{"name":"(anonymous_0)","decl":{"start":{"line":84,"column":14},"end":{"line":84,"column":15}},"loc":{"start":{"line":84,"column":23},"end":{"line":86,"column":1}},"line":84},"1":{"name":"(anonymous_1)","decl":{"start":{"line":88,"column":12},"end":{"line":88,"column":13}},"loc":{"start":{"line":89,"column":1},"end":{"line":94,"column":7}},"line":89},"2":{"name":"(anonymous_2)","decl":{"start":{"line":91,"column":14},"end":{"line":91,"column":15}},"loc":{"start":{"line":92,"column":3},"end":{"line":92,"column":37}},"line":92}},"branchMap":{"0":{"loc":{"start":{"line":88,"column":15},"end":{"line":88,"column":49}},"type":"default-arg","locations":[{"start":{"line":88,"column":23},"end":{"line":88,"column":49}}],"line":88}},"s":{"0":1,"1":1,"2":9,"3":1,"4":1,"5":9},"f":{"0":9,"1":1,"2":9},"b":{"0":[1]},"_coverageSchema":"1a1c01bbd47fc00a2c39e90264f33305004495a9","hash":"f0fa4ce6bbd5d92ff39b7a21ac6d375cdc744ee8"}
}
